Global .Rprofile loaded!

Attaching package: 'gms'

The following objects are masked from 'package:lucode2':

    get_info, getfiledestinations

 -> rds_report.R

Attaching package: 'magclass'

The following object is masked from 'package:grid':

    getNames

Loading required package: gdx
Loading required package: gdxrrw
Start getReport(gdx)...
   reportPopulation(gdx)                                     success 0.89s
   reportIncome(gdx)                                         success 0.42s
   reportPriceGHG(gdx)                                       success 0.50s
   reportFoodExpenditure(gdx)                                success 2.96s
   reportKcal(gdx,detail=detail)                             success 0.77s
   reportProtein(gdx,detail=detail)                          success 0.82s
   reportIntakeDetailed(gdx,detail=detail)                   success 4.67s
   reportLivestockShare(gdx)                                 success 0.49s
   reportLivestockDemStructure(gdx)                          success 0.53s
   reportVegfruitShare(gdx)                                  success 0.68s
   reportPriceShock(gdx)                                     no return value 0.004s
   reportPriceElasticities(gdx)                              success 3.98s
   reportDemand(gdx,detail=detail)                           success 4.01s
   reportDemandBioenergy(gdx,detail=detail)                  success 2.58s
   reportFeed(gdx,detail=detail)                             success 2.36s
   reportProduction(gdx,detail=detail)                       success 0.37s
   reportProductionBioenergy(gdx,detail=detail)              success 0.38s
   reportTrade(gdx,detail=detail)                            success 3.17s
   reportLandUse(gdx)                                        success 0.30s
   reportLandUseChange(gdx)                                  success 0.25s
   reportPeatland(gdx)                                       no return value 0.004s
   reportProtectedArea(gdx)                                  success 0.12s
   reportCroparea(gdx,detail=detail)                         success 0.77s
   reportNitrogenBudgetCropland(gdx)                         ERROR 1.21s
   reportNitrogenBudgetPasture(gdx)                          success 0.29s
   reportManure(gdx)                                         success 0.19s
   reportYields(gdx,detail=detail)                           success 2.11s
   reportTau(gdx)                                            success 0.28s
   reportTc(gdx)                                             success 0.34s
   reportEmissions(gdx)                                      success 15.83s
   reportEmissionsBeforeTechnicalMitigation(gdx)             success 0.40s
   reportCosts(gdx)                                          success 2.16s
   reportCostsPresolve(gdx)                                  no return value 0.004s
   reportCostTransport(gdx)                                  success 0.39s
   reportPriceFoodIndex(gdx)                                 success 1.97s
   reportExpenditureFoodIndex(gdx)                           success 1.13s
   reportPriceAgriculture(gdx)                               success 0.10s
   reportPriceBioenergy(gdx)                                 success 0.12s
   reportPriceLand(gdx)                                      success 0.20s
   reportPriceWater(gdx)                                     success 0.18s
   reportValueTrade(gdx)                                     success 4.36s
   reportProcessing(gdx, indicator='primary_to_process')     success 0.31s
   reportProcessing(gdx, indicator='secondary_from_primary') success 0.71s
   reportAEI(gdx)                                            success 0.14s
   reportWaterUsage(gdx)                                     success 0.31s
   reportWaterAvailability(gdx)                              success 0.094s
   reportAAI(gdx)                                            success 0.20s
   reportSOM(gdx)                                            success 1.45s
   reportGrowingStock(gdx, indicator='relative')             success 1.37s
   reportGrowingStock(gdx, indicator='absolute')             success 0.85s
   reportSDG1(gdx)                                           success 0.69s
   reportSDG2(gdx)                                           success 7.99s
   reportSDG3(gdx)                                           success 3.70s
   reportSDG6(gdx)                                           ERROR 1.24s
   reportSDG12(gdx)                                          success 6.54s
   reportSDG15(gdx)                                          ERROR 2.80s
   reportForestYield(gdx)                                    success 3.04s
   reportharvested_area_timber(gdx)                          ERROR 0.17s
   reportPlantationEstablishment(gdx)                        success 0.32s
   reportRotationLength(gdx)                                 success 0.11s
   reportTimber(gdx)                                         success 0.29s
   reportBII(gdx)                                            success 0.88s
   reportPriceWoodyBiomass(gdx)                              no return value 0.38s
   reportCarbonstock(gdx)                                    success 1.14s
Total runtime:  111.25s
sh: files: Permission denied
There were 15 warnings (use warnings() to see them)
